<?xml version="1.0" encoding="UTF-8"?>
<!-- Generated by org.testng.reporters.JUnitReportReporter -->
<testsuite skipped="0" hostname="ZS-LP-0003" name="test.TestAgileProject" tests="1" failures="0" timestamp="22 May 2020 04:52:19 GMT" time="3.182" errors="0">
  <testcase name="tab_verification" time="3.182" classname="test.TestAgileProject"/>
</testsuite> <!-- test.TestAgileProject -->
