<?xml version="1.0" encoding="UTF-8"?>
<!-- Generated by org.testng.reporters.JUnitReportReporter -->
<testsuite skipped="0" hostname="ZS-LP-0003" name="test.TestTab_list" tests="1" failures="0" timestamp="14 May 2020 12:38:15 GMT" time="45.496" errors="0">
  <testcase name="tab_verification" time="45.496" classname="test.TestTab_list"/>
</testsuite> <!-- test.TestTab_list -->
