<?xml version="1.0" encoding="UTF-8"?>
<!-- Generated by org.testng.reporters.JUnitReportReporter -->
<testsuite skipped="0" hostname="ZS-LP-0003" name="test.TestRegistration" tests="1" failures="0" timestamp="14 May 2020 05:53:20 GMT" time="32.930" errors="0">
  <testcase name="Insurance_Registration" time="32.930" classname="test.TestRegistration"/>
</testsuite> <!-- test.TestRegistration -->
