<?xml version="1.0" encoding="UTF-8"?>
<!-- Generated by org.testng.reporters.JUnitReportReporter -->
<testsuite skipped="0" hostname="ZS-LP-0003" name="test.TestPayment_Gateway" tests="1" failures="0" timestamp="20 May 2020 15:24:29 GMT" time="41.561" errors="0">
  <testcase name="tab_verification" time="41.561" classname="test.TestPayment_Gateway"/>
</testsuite> <!-- test.TestPayment_Gateway -->
